<?xml version="1.0" encoding="UTF-8"?>
<!-- Generated by org.testng.reporters.JUnitReportReporter -->
<testsuite skipped="0" hostname="DESKTOP-PJSOCTU" name="com.FlipKart.users.createuser" tests="1" failures="0" timestamp="01 Mar 2021 05:46:11 GMT" time="8.019" errors="0">
  <testcase name="createusertest" time="8.019" classname="com.FlipKart.users.createuser"/>
</testsuite> <!-- com.FlipKart.users.createuser -->
