<?xml version="1.0" encoding="UTF-8"?>
<!-- Generated by org.testng.reporters.JUnitReportReporter -->
<testsuite skipped="0" hostname="DESKTOP-PJSOCTU" name="com.FlipKart.projandcoust.createprojandcust" tests="1" failures="0" timestamp="01 Mar 2021 17:04:38 GMT" time="12.167" errors="0">
  <testcase name="createprojecttest" time="12.167" classname="com.FlipKart.projandcoust.createprojandcust"/>
</testsuite> <!-- com.FlipKart.projandcoust.createprojandcust -->
