<?xml version="1.0" encoding="UTF-8"?>
<!-- Generated by org.testng.reporters.JUnitReportReporter -->
<testsuite skipped="0" hostname="DESKTOP-PJSOCTU" name="com.FlipKart.users.createuser" tests="1" failures="0" timestamp="2021-03-02T19:13:47 IST" time="10.817" errors="0">
  <testcase name="createusertest" time="10.817" classname="com.FlipKart.users.createuser"/>
  <system-out>
    <![CDATA[createusertestTest Started
 open task page is Displayed 
user list pageis Displayed 
add new user pageis Displayed 
user is created, Success message is Displayed
createusertestTest Success]]>
  </system-out>
</testsuite> <!-- com.FlipKart.users.createuser -->
